<?xml version="1.0" encoding="UTF-8"?>
<!-- Generated by org.testng.reporters.JUnitReportReporter -->
<testsuite hostname="DESKTOP-RE1TJK0" failures="0" tests="1" name="com.maersk.automationTimer.testing.GGtimerTest" time="31.267" errors="0" timestamp="2021-07-15T19:30:53 IST" skipped="0">
  <testcase classname="com.maersk.automationTimer.testing.GGtimerTest" name="timerTest" time="31.267"/>
  <system-out>
    <![CDATA[
Countdown working!

Countdown finished successfully!]]>
  </system-out>
</testsuite> <!-- com.maersk.automationTimer.testing.GGtimerTest -->
